<?xml version="1.0" encoding="UTF-8"?>
<testng-results skipped="0" failed="0" ignored="0" total="1" passed="1">
  <reporter-output>
  </reporter-output>
  <suite name="Suite" duration-ms="88" started-at="2021-07-30T00:04:29 IST" finished-at="2021-07-30T00:04:29 IST">
    <groups>
    </groups>
    <test name="Test" duration-ms="88" started-at="2021-07-30T00:04:29 IST" finished-at="2021-07-30T00:04:29 IST">
      <class name="ui.FromXMLParameter">
        <test-method status="PASS" signature="testingParameter(java.lang.String,java.lang.String)[pri:0, instance:ui.FromXMLParameter@25af5db5]" name="testingParameter" duration-ms="13" started-at="2021-07-30T00:04:29 IST" finished-at="2021-07-30T00:04:29 IST">
          <params>
            <param index="0">
              <value>
                <![CDATA[Chrome]]>
              </value>
            </param>
            <param index="1">
              <value>
                <![CDATA[windows]]>
              </value>
            </param>
          </params>
          <reporter-output>
          </reporter-output>
        </test-method> <!-- testingParameter -->
      </class> <!-- ui.FromXMLParameter -->
    </test> <!-- Test -->
  </suite> <!-- Suite -->
</testng-results>
