<?xml version="1.0" encoding="UTF-8"?>
<testng-results ignored="0" total="12" passed="12" failed="0" skipped="0">
  <reporter-output>
  </reporter-output>
  <suite started-at="2021-07-04T22:51:46 IST" name="Default suite" finished-at="2021-07-04T22:51:46 IST" duration-ms="86">
    <groups>
    </groups>
    <test started-at="2021-07-04T22:51:46 IST" name="Default test" finished-at="2021-07-04T22:51:46 IST" duration-ms="86">
      <class name="ui.DataProviderDemo">
        <test-method signature="testPrints1(java.lang.String,java.lang.String)[pri:0, instance:ui.DataProviderDemo@71def8f8]" started-at="2021-07-04T22:51:46 IST" name="testPrints1" data-provider="dataSet1" finished-at="2021-07-04T22:51:46 IST" duration-ms="7" status="PASS">
          <params>
            <param index="0">
              <value>
                <![CDATA[User1]]>
              </value>
            </param>
            <param index="1">
              <value>
                <![CDATA[Pass1]]>
              </value>
            </param>
          </params>
          <reporter-output>
          </reporter-output>
        </test-method> <!-- testPrints1 -->
        <test-method signature="testPrints1(java.lang.String,java.lang.String)[pri:0, instance:ui.DataProviderDemo@71def8f8]" started-at="2021-07-04T22:51:46 IST" name="testPrints1" data-provider="dataSet1" finished-at="2021-07-04T22:51:46 IST" duration-ms="2" status="PASS">
          <params>
            <param index="0">
              <value>
                <![CDATA[User2]]>
              </value>
            </param>
            <param index="1">
              <value>
                <![CDATA[Pass2]]>
              </value>
            </param>
          </params>
          <reporter-output>
          </reporter-output>
        </test-method> <!-- testPrints1 -->
        <test-method signature="testPrints1(java.lang.String,java.lang.String)[pri:0, instance:ui.DataProviderDemo@71def8f8]" started-at="2021-07-04T22:51:46 IST" name="testPrints1" data-provider="dataSet1" finished-at="2021-07-04T22:51:46 IST" duration-ms="2" status="PASS">
          <params>
            <param index="0">
              <value>
                <![CDATA[User3]]>
              </value>
            </param>
            <param index="1">
              <value>
                <![CDATA[Pass3]]>
              </value>
            </param>
          </params>
          <reporter-output>
          </reporter-output>
        </test-method> <!-- testPrints1 -->
        <test-method signature="testPrints1(java.lang.String,java.lang.String)[pri:0, instance:ui.DataProviderDemo@71def8f8]" started-at="2021-07-04T22:51:46 IST" name="testPrints1" data-provider="dataSet1" finished-at="2021-07-04T22:51:46 IST" duration-ms="2" status="PASS">
          <params>
            <param index="0">
              <value>
                <![CDATA[User4]]>
              </value>
            </param>
            <param index="1">
              <value>
                <![CDATA[Pass4]]>
              </value>
            </param>
          </params>
          <reporter-output>
          </reporter-output>
        </test-method> <!-- testPrints1 -->
        <test-method signature="testPrints2(java.lang.String,java.lang.String)[pri:0, instance:ui.DataProviderDemo@71def8f8]" started-at="2021-07-04T22:51:46 IST" name="testPrints2" data-provider="dataSet2" finished-at="2021-07-04T22:51:46 IST" duration-ms="1" status="PASS">
          <params>
            <param index="0">
              <value>
                <![CDATA[User1]]>
              </value>
            </param>
            <param index="1">
              <value>
                <![CDATA[Pass1]]>
              </value>
            </param>
          </params>
          <reporter-output>
          </reporter-output>
        </test-method> <!-- testPrints2 -->
        <test-method signature="testPrints2(java.lang.String,java.lang.String)[pri:0, instance:ui.DataProviderDemo@71def8f8]" started-at="2021-07-04T22:51:46 IST" name="testPrints2" data-provider="dataSet2" finished-at="2021-07-04T22:51:46 IST" duration-ms="1" status="PASS">
          <params>
            <param index="0">
              <value>
                <![CDATA[User2]]>
              </value>
            </param>
            <param index="1">
              <value>
                <![CDATA[Pass2]]>
              </value>
            </param>
          </params>
          <reporter-output>
          </reporter-output>
        </test-method> <!-- testPrints2 -->
        <test-method signature="testPrints2(java.lang.String,java.lang.String)[pri:0, instance:ui.DataProviderDemo@71def8f8]" started-at="2021-07-04T22:51:46 IST" name="testPrints2" data-provider="dataSet2" finished-at="2021-07-04T22:51:46 IST" duration-ms="1" status="PASS">
          <params>
            <param index="0">
              <value>
                <![CDATA[User3]]>
              </value>
            </param>
            <param index="1">
              <value>
                <![CDATA[Pass3]]>
              </value>
            </param>
          </params>
          <reporter-output>
          </reporter-output>
        </test-method> <!-- testPrints2 -->
        <test-method signature="testPrints2(java.lang.String,java.lang.String)[pri:0, instance:ui.DataProviderDemo@71def8f8]" started-at="2021-07-04T22:51:46 IST" name="testPrints2" data-provider="dataSet2" finished-at="2021-07-04T22:51:46 IST" duration-ms="1" status="PASS">
          <params>
            <param index="0">
              <value>
                <![CDATA[User4]]>
              </value>
            </param>
            <param index="1">
              <value>
                <![CDATA[Pass4]]>
              </value>
            </param>
          </params>
          <reporter-output>
          </reporter-output>
        </test-method> <!-- testPrints2 -->
        <test-method signature="testPrints3(java.lang.String,java.lang.String,java.lang.String)[pri:0, instance:ui.DataProviderDemo@71def8f8]" started-at="2021-07-04T22:51:46 IST" name="testPrints3" data-provider="dataSetHouse" finished-at="2021-07-04T22:51:46 IST" duration-ms="1" status="PASS">
          <params>
            <param index="0">
              <value>
                <![CDATA[User1]]>
              </value>
            </param>
            <param index="1">
              <value>
                <![CDATA[Pass1]]>
              </value>
            </param>
            <param index="2">
              <value>
                <![CDATA[mob1]]>
              </value>
            </param>
          </params>
          <reporter-output>
          </reporter-output>
        </test-method> <!-- testPrints3 -->
        <test-method signature="testPrints3(java.lang.String,java.lang.String,java.lang.String)[pri:0, instance:ui.DataProviderDemo@71def8f8]" started-at="2021-07-04T22:51:46 IST" name="testPrints3" data-provider="dataSetHouse" finished-at="2021-07-04T22:51:46 IST" duration-ms="1" status="PASS">
          <params>
            <param index="0">
              <value>
                <![CDATA[User2]]>
              </value>
            </param>
            <param index="1">
              <value>
                <![CDATA[Pass2]]>
              </value>
            </param>
            <param index="2">
              <value>
                <![CDATA[mob2]]>
              </value>
            </param>
          </params>
          <reporter-output>
          </reporter-output>
        </test-method> <!-- testPrints3 -->
        <test-method signature="testPrints3(java.lang.String,java.lang.String,java.lang.String)[pri:0, instance:ui.DataProviderDemo@71def8f8]" started-at="2021-07-04T22:51:46 IST" name="testPrints3" data-provider="dataSetHouse" finished-at="2021-07-04T22:51:46 IST" duration-ms="1" status="PASS">
          <params>
            <param index="0">
              <value>
                <![CDATA[User3]]>
              </value>
            </param>
            <param index="1">
              <value>
                <![CDATA[Pass3]]>
              </value>
            </param>
            <param index="2">
              <value>
                <![CDATA[mob3]]>
              </value>
            </param>
          </params>
          <reporter-output>
          </reporter-output>
        </test-method> <!-- testPrints3 -->
        <test-method signature="testPrints3(java.lang.String,java.lang.String,java.lang.String)[pri:0, instance:ui.DataProviderDemo@71def8f8]" started-at="2021-07-04T22:51:46 IST" name="testPrints3" data-provider="dataSetHouse" finished-at="2021-07-04T22:51:46 IST" duration-ms="1" status="PASS">
          <params>
            <param index="0">
              <value>
                <![CDATA[User4]]>
              </value>
            </param>
            <param index="1">
              <value>
                <![CDATA[Pass4]]>
              </value>
            </param>
            <param index="2">
              <value>
                <![CDATA[mob3]]>
              </value>
            </param>
          </params>
          <reporter-output>
          </reporter-output>
        </test-method> <!-- testPrints3 -->
      </class> <!-- ui.DataProviderDemo -->
    </test> <!-- Default test -->
  </suite> <!-- Default suite -->
</testng-results>
