<?xml version="1.0" encoding="UTF-8"?>
<!-- Generated by org.testng.reporters.JUnitXMLReporter -->
<testsuite ignored="0" hostname="Ashish-Laptop" failures="0" tests="4" name="GRP-smoke,regresstion" time="0.158" errors="0" timestamp="2021-07-04T19:08:24 IST">
  <testcase classname="ui.Groups" name="test1" time="0.012"/>
  <testcase classname="ui.Groups" name="test2" time="0.003"/>
  <testcase classname="ui.Groups" name="test3" time="0.002"/>
  <testcase classname="ui.Groups" name="test4" time="0.008"/>
</testsuite> <!-- GRP-smoke,regresstion -->
