<?xml version="1.0" encoding="UTF-8"?>
<!-- Generated by org.testng.reporters.JUnitXMLReporter -->
<testsuite ignored="3" hostname="Ashish-Laptop" failures="0" tests="1" name="GRP-regresstion" time="0.048" errors="0" timestamp="2021-07-04T18:59:10 IST">
  <testcase classname="ui.Groups" name="test1" time="0.008"/>
  <testcase classname="ui.Groups" name="test4" time="0.0">
    <ignored/>
  </testcase> <!-- test4 -->
  <testcase classname="ui.Groups" name="test2" time="0.0">
    <ignored/>
  </testcase> <!-- test2 -->
  <testcase classname="ui.Groups" name="test3" time="0.0">
    <ignored/>
  </testcase> <!-- test3 -->
</testsuite> <!-- GRP-regresstion -->
