<?xml version="1.0" encoding="UTF-8"?>
<!-- Generated by org.testng.reporters.JUnitXMLReporter -->
<testsuite ignored="1" hostname="Ashish-Laptop" failures="0" tests="3" name="GRP-regresstion,smoke" time="0.075" errors="0" timestamp="2021-07-04T19:02:34 IST">
  <testcase classname="ui.Groups" name="test1" time="0.005"/>
  <testcase classname="ui.Groups" name="test3" time="0.006"/>
  <testcase classname="ui.Groups" name="test4" time="0.008"/>
  <testcase classname="ui.Groups" name="test2" time="0.0">
    <ignored/>
  </testcase> <!-- test2 -->
</testsuite> <!-- GRP-regresstion,smoke -->
