<?xml version="1.0" encoding="UTF-8"?>
<!-- Generated by org.testng.reporters.JUnitXMLReporter -->
<testsuite ignored="0" hostname="Ashish-Laptop" failures="0" tests="12" name="Default test" time="0.086" errors="0" timestamp="2021-07-04T22:51:46 IST">
  <testcase classname="ui.DataProviderDemo" name="testPrints1" time="0.007"/>
  <testcase classname="ui.DataProviderDemo" name="testPrints1" time="0.002"/>
  <testcase classname="ui.DataProviderDemo" name="testPrints1" time="0.002"/>
  <testcase classname="ui.DataProviderDemo" name="testPrints1" time="0.002"/>
  <testcase classname="ui.DataProviderDemo" name="testPrints2" time="0.001"/>
  <testcase classname="ui.DataProviderDemo" name="testPrints2" time="0.001"/>
  <testcase classname="ui.DataProviderDemo" name="testPrints2" time="0.001"/>
  <testcase classname="ui.DataProviderDemo" name="testPrints2" time="0.001"/>
  <testcase classname="ui.DataProviderDemo" name="testPrints3" time="0.001"/>
  <testcase classname="ui.DataProviderDemo" name="testPrints3" time="0.001"/>
  <testcase classname="ui.DataProviderDemo" name="testPrints3" time="0.001"/>
  <testcase classname="ui.DataProviderDemo" name="testPrints3" time="0.001"/>
</testsuite> <!-- Default test -->
